[Apr 13, 2025, 01:39:01] OpenVPN core 3.10.5 win x86_64 64-bit OVPN-DCO built on Dec 17 2024 12:24:32
⏎[Apr 13, 2025, 01:39:01] Frame=512/2112/512 mssfix-ctrl=1250
⏎[Apr 13, 2025, 01:39:01] NOTE: This configuration contains options that were not used:
⏎[Apr 13, 2025, 01:39:01] Unsupported option (ignored)
⏎[Apr 13, 2025, 01:39:01] 0 [resolv-retry] [infinite]
⏎[Apr 13, 2025, 01:39:01] 1 [persist-key]
⏎[Apr 13, 2025, 01:39:01] 2 [persist-tun]
⏎[Apr 13, 2025, 01:39:01] EVENT: RESOLVE ⏎[Apr 13, 2025, 01:39:01] EVENT: WAIT ⏎[Apr 13, 2025, 01:39:01] WinCommandAgent: transmitting bypass route to 160.191.14.58
{
	"host" : "160.191.14.58",
	"ipv6" : false
}

⏎[Apr 13, 2025, 01:39:01] Connecting to [160.191.14.58]:1194 (160.191.14.58) via TCP
⏎[Apr 13, 2025, 01:39:01] EVENT: CONNECTING ⏎[Apr 13, 2025, 01:39:01] Tunnel Options:V4,dev-type tun,link-mtu 1559,tun-mtu 1500,proto TCPv4_CLIENT,cipher AES-256-CBC,auth SHA1,keysize 256,key-method 2,tls-client
⏎[Apr 13, 2025, 01:39:01] Creds: UsernameEmpty/PasswordEmpty
⏎[Apr 13, 2025, 01:39:01] Sending Peer Info:
IV_VER=3.10.5
IV_PLAT=win
IV_NCP=2
IV_TCPNL=1
IV_PROTO=2974
IV_MTU=1600
IV_CIPHERS=AES-128-CBC:AES-192-CBC:AES-256-CBC:AES-128-GCM:AES-192-GCM:AES-256-GCM:CHACHA20-POLY1305
IV_AUTO_SESS=1
IV_GUI_VER=OCWindows_3.6.0-4074
IV_SSO=webauth,crtext

⏎[Apr 13, 2025, 01:39:01] SSL Handshake: peer certificate: CN=caServe, 2048 bit RSA, cipher: TLS_AES_256_GCM_SHA384         TLSv1.3 Kx=any      Au=any   Enc=AESGCM(256)            Mac=AEAD

⏎[Apr 13, 2025, 01:39:01] Session is ACTIVE
⏎[Apr 13, 2025, 01:39:01] EVENT: GET_CONFIG ⏎[Apr 13, 2025, 01:39:01] Sending PUSH_REQUEST to server...
⏎[Apr 13, 2025, 01:39:01] OPTIONS:
0 [redirect-gateway] [def1] [bypass-dhcp]
1 [dhcp-option] [DNS] [8.8.8.8]
2 [dhcp-option] [DNS] [8.8.4.4]
3 [route] [10.8.0.0] [255.255.255.0]
4 [topology] [net30]
5 [ping] [10]
6 [ping-restart] [120]
7 [socket-flags] [TCP_NODELAY]
8 [ifconfig] [10.8.0.10] [10.8.0.9]
9 [peer-id] [0]
10 [cipher] [AES-256-GCM]

⏎[Apr 13, 2025, 01:39:01] PROTOCOL OPTIONS:
  cipher: AES-256-GCM
  digest: none
  key-derivation: OpenVPN PRF
  compress: NONE
  peer ID: 0

⏎[Apr 13, 2025, 01:39:01] EVENT: ASSIGN_IP ⏎[Apr 13, 2025, 01:39:01] CAPTURED OPTIONS:
Session Name: 160.191.14.58
Layer: OSI_LAYER_3
Remote Address: 160.191.14.58
Tunnel Addresses:
  10.8.0.10/30 -> 10.8.0.9 [net30]
Reroute Gateway: IPv4=1 IPv6=0 flags=[ ENABLE REROUTE_GW DEF1 BYPASS_DHCP IPv4 ]
Block IPv4: no
Block IPv6: no
Block local DNS: no
Add Routes:
  10.8.0.0/24
Exclude Routes:
DNS Servers:
  8.8.8.8
  8.8.4.4

⏎[Apr 13, 2025, 01:39:01] SetupClient: transmitting tun setup list to \\.\pipe\agent_ovpnconnect
{
	"allow_local_dns_resolvers" : false,
	"confirm_event" : "5c19000000000000",
	"destroy_event" : "7417000000000000",
	"tun" : 
	{
		"adapter_domain_suffix" : "",
		"add_routes" : 
		[
			{
				"address" : "10.8.0.0",
				"gateway" : "",
				"ipv6" : false,
				"metric" : -1,
				"net30" : false,
				"prefix_length" : 24
			}
		],
		"block_ipv6" : false,
		"block_outside_dns" : false,
		"dns_options" : 
		{
			"servers" : {}
		},
		"dns_servers" : 
		[
			{
				"address" : "8.8.8.8",
				"ipv6" : false
			},
			{
				"address" : "8.8.4.4",
				"ipv6" : false
			}
		],
		"layer" : 3,
		"mtu" : 0,
		"remote_address" : 
		{
			"address" : "160.191.14.58",
			"ipv6" : false
		},
		"reroute_gw" : 
		{
			"flags" : 307,
			"ipv4" : true,
			"ipv6" : false
		},
		"route_metric_default" : -1,
		"session_name" : "160.191.14.58",
		"tunnel_address_index_ipv4" : 0,
		"tunnel_address_index_ipv6" : -1,
		"tunnel_addresses" : 
		[
			{
				"address" : "10.8.0.10",
				"gateway" : "10.8.0.9",
				"ipv6" : false,
				"metric" : -1,
				"net30" : true,
				"prefix_length" : 30
			}
		]
	},
	"tun_type" : 0
}
POST np://[\\.\pipe\agent_ovpnconnect]/tun-setup : 400 Bad Request
TAP ADAPTERS:
guid='{C59016BE-7570-4F29-B673-BC9436DA013B}' index=20 name='Local Area Connection'
Open TAP device "" PATH="" FAILED
Destroyed previous TAP instance due to exception
cannot acquire TAP handle
⏎[Apr 13, 2025, 01:39:01] TUN Error: ovpnagent: request error
⏎[Apr 13, 2025, 01:39:01] EVENT: TUN_SETUP_FAILED ovpnagent: request error⏎[Apr 13, 2025, 01:39:01] EVENT: DISCONNECTED ⏎[Apr 13, 2025, 01:39:01] Client exception in transport_recv: tun_exception: not connected
⏎